21:34:36.650 [main                     ] DEBUG Logger               - Configured Logger
21:34:36.662 [main                     ] DEBUG GameApplication      - Logging settings
Title: Untitled
Version: 0.0
Width: 800
Height: 600
Fullscreen: false
Intro: false
Profiling: false
Single step:false
App Mode: DEVELOPER
Menu Key: ESCAPE
Stage Style: DECORATED
Scene Factory: class com.almasb.fxgl.app.scene.SceneFactory

21:34:37.669 [JavaFX Application Thread] DEBUG FXGLApplication      - Initializing FXGL
21:34:37.678 [JavaFX Application Thread] INFO  Engine               - FXGL-11.12 (11.12.2020 08.51) on WINDOWS (J:21.0.2 FX:21)
21:34:37.678 [JavaFX Application Thread] DEBUG Engine               - JRE Vendor Name: Oracle Corporation
21:34:37.679 [JavaFX Application Thread] DEBUG Engine               - Running on OS: Windows 11 version 10.0
21:34:37.679 [JavaFX Application Thread] DEBUG Engine               - Architecture: amd64
21:34:37.680 [JavaFX Application Thread] INFO  Engine               - Source code and latest versions at: https://github.com/AlmasB/FXGL
21:34:37.680 [JavaFX Application Thread] INFO  Engine               -              Join the FXGL chat at: https://gitter.im/AlmasB/FXGL
21:34:38.009 [JavaFX Application Thread] DEBUG MainWindow           - Creating a JavaFX scene
21:34:38.235 [JavaFX Application Thread] DEBUG MainWindow           - Target settings size: 800.0 x 600.0
21:34:38.236 [JavaFX Application Thread] DEBUG MainWindow           - Scaled scene size:    800.0 x 600.0
21:34:38.237 [JavaFX Application Thread] DEBUG MainWindow           - Scaled ratio: (1.0, 1.0)
21:34:38.244 [JavaFX Application Thread] DEBUG MainWindow           - Set initial scene to StartupScene
21:34:38.259 [JavaFX Application Thread] DEBUG MainWindow           - Opening main window
21:34:38.543 [JavaFX Application Thread] DEBUG MainWindow           - Window border size: (14.4000244140625, 37.5999755859375)
21:34:38.544 [JavaFX Application Thread] DEBUG MainWindow           - Scaled size: 800.0 x 600.0
21:34:38.544 [JavaFX Application Thread] DEBUG MainWindow           - Scaled ratio: (1.0, 1.0)
21:34:38.546 [JavaFX Application Thread] DEBUG MainWindow           - Scene size: 800.0 x 600.0
21:34:38.546 [JavaFX Application Thread] DEBUG MainWindow           - Stage size: 814.4000244140625 x 637.5999755859375
21:34:38.590 [FXGL Background Thread 1 ] DEBUG Engine               - Initializing environment variables
21:34:38.825 [FXGL Background Thread 1 ] DEBUG GameApplicationServi - Applying CSS: fxgl_dark.css
21:34:38.827 [FXGL Background Thread 1 ] DEBUG FXGLAssetLoaderServi - Loading from file system: /assets/ui/css/fxgl_dark.css
21:34:39.182 [FXGL Background Thread 1 ] DEBUG GameApplicationServi - Initializing application scenes
21:34:39.351 [FXGL Background Thread 1 ] DEBUG GameWorld            - Game world initialized
21:34:39.616 [FXGL Background Thread 1 ] DEBUG PhysicsWorld         - Physics world initialized: appHeight=600, physics.ppm=50.0
21:34:39.623 [FXGL Background Thread 1 ] DEBUG GameScene            - Game scene initialized: 800x600
21:34:39.744 [FXGL Background Thread 1 ] DEBUG FXGLAssetLoaderServi - Loading from file system: /assets/textures/particles/trace_horizontal.png
21:34:39.895 [FXGL Background Thread 1 ] DEBUG FXGL.DefaultMenu     - createMenuBodyGameMenu()
21:34:39.976 [FXGL Background Thread 1 ] DEBUG FXGL.DefaultMenu     - createOptionsMenu()
21:34:40.009 [FXGL Background Thread 1 ] DEBUG FXGLAssetLoaderServi - Loading from file system: /assets/textures/particles/smoke.png
21:34:40.219 [FXGL Background Thread 1 ] DEBUG GameApplicationServi - Application scenes initialized
21:34:40.300 [FXGL Background Thread 1 ] DEBUG SystemBundleService  - Loading FXGL system data
21:34:40.316 [FXGL Background Thread 1 ] DEBUG FileSystemAccess     - Reading from: C:\Users\chowdhuryj\OneDrive - Milwaukee School of Engineering\Desktop\JavaFXGL\system\fxgl.bundle
21:34:40.349 [FXGL Background Thread 1 ] DEBUG SystemBundleService  - Bundle FXGL: {}
21:34:40.349 [FXGL Background Thread 1 ] DEBUG UpdaterService       - Checking for updates
21:34:40.368 [FXGL Background Thread 4 ] DEBUG FXGLApplication      - Loading fonts
21:34:40.368 [FXGL Background Thread 4 ] DEBUG FXGLAssetLoaderServi - Loading from file system: /assets/ui/fonts/VarelaRound-Regular.ttf
21:34:40.370 [FXGL Background Thread 1 ] DEBUG FXGLApplication      - Loading default localization
21:34:40.370 [FXGL Background Thread 1 ] DEBUG FXGLAssetLoaderServi - Loading from file system: /assets/languages/english.lang
21:34:40.422 [FXGL Background Thread 1 ] INFO  FXGLApplication      - FXGL initialization took: 1.831 sec
21:34:40.455 [JavaFX Application Thread] DEBUG Input                - Registered new binding: action0 - F
21:34:40.455 [JavaFX Application Thread] DEBUG FXGLAssetLoaderServi - Loading from file system: /assets/textures/fxgl_icon.png
21:34:40.566 [JavaFX Application Thread] DEBUG FXGLAssetLoaderServi - Loading from file system: /assets/ui/cursors/fxgl_default.png
21:34:40.586 [FXGL Background Thread 4 ] DEBUG FXGLAssetLoaderServi - Loading from file system: /assets/ui/fonts/Abel-Regular.ttf
21:34:40.595 [JavaFX Application Thread] DEBUG Input                - Registered new binding: Screenshot - P
21:34:40.598 [FXGL Background Thread 4 ] DEBUG FXGLAssetLoaderServi - Loading from file system: /assets/ui/fonts/lucida_console.ttf
21:34:40.601 [JavaFX Application Thread] DEBUG Input                - Registered new binding: System info dump - CTRL+9
21:34:40.606 [JavaFX Application Thread] DEBUG Input                - Registered new binding: Restart - CTRL+R
21:34:40.614 [JavaFX Application Thread] DEBUG Input                - Registered new binding: Toggle Debug Camera - CTRL+C
21:34:40.615 [FXGL Background Thread 4 ] DEBUG FXGLAssetLoaderServi - Loading from file system: /assets/ui/fonts/Courier-Prime.ttf
21:34:40.644 [JavaFX Application Thread] DEBUG LoopRunner           - Starting loop
21:34:40.650 [JavaFX Application Thread] DEBUG GameApplicationServi - Starting new game
21:34:40.651 [JavaFX Application Thread] DEBUG Input                - Clearing active input actions
21:34:40.721 [JavaFX Application Thread] DEBUG GameApplicationServi - Removing overlay from StartupScene and adding to FXGLLoadingScene
21:34:40.722 [JavaFX Application Thread] DEBUG MainWindow           - StartupScene -> FXGLLoadingScene
21:34:40.723 [JavaFX Application Thread] DEBUG GameApplicationServi - Clearing previous game
21:34:40.723 [JavaFX Application Thread] DEBUG GameScene            - Clearing game scene
21:34:40.723 [JavaFX Application Thread] DEBUG GameWorld            - Clearing game world
21:34:40.724 [JavaFX Application Thread] DEBUG PhysicsWorld         - Clearing physics world
21:34:40.732 [FXGL Background Thread 4 ] DEBUG FXGLApplication      - Initializing game
21:34:40.733 [JavaFX Application Thread] DEBUG FXGLApplication      - Registering font factories with UI factory
21:34:40.767 [FXGL Background Thread 4 ] INFO  FXGLApplication      - Game initialization took: 0.034 sec
21:34:40.916 [JavaFX Application Thread] DEBUG Input                - Clearing active input actions
21:34:40.943 [JavaFX Application Thread] DEBUG GameApplicationServi - Removing overlay from FXGLLoadingScene and adding to GameScene
21:34:40.944 [JavaFX Application Thread] DEBUG MainWindow           - FXGLLoadingScene -> GameScene
21:34:42.106 [JavaFX Application Thread] DEBUG FXGLAssetLoaderServi - Loading from file system: /assets/textures/brick.jpg
21:34:42.205 [JavaFX Application Thread] DEBUG FXGLAssetLoaderServi - Loading from cache: /assets/textures/brick.jpg
21:34:42.389 [FXGL Background Thread 2 ] INFO  UpdaterService       - Your current version:  11.12
21:34:42.390 [FXGL Background Thread 2 ] INFO  UpdaterService       - Latest stable version: 21.1
21:34:43.109 [JavaFX Application Thread] DEBUG FXGLAssetLoaderServi - Loading from cache: /assets/textures/brick.jpg
21:34:43.123 [JavaFX Application Thread] DEBUG FXGLAssetLoaderServi - Loading from cache: /assets/textures/brick.jpg
21:34:43.361 [FXGL Background Thread 3 ] DEBUG Engine               - Logging environment variables
21:34:43.362 [FXGL Background Thread 3 ] DEBUG Engine               - achievements: []
21:34:43.363 [FXGL Background Thread 3 ] DEBUG Engine               - actualHeight: 600.0
21:34:43.363 [FXGL Background Thread 3 ] DEBUG Engine               - actualHeightProperty: ReadOnlyDoubleProperty [value: 600.0]
21:34:43.363 [FXGL Background Thread 3 ] DEBUG Engine               - actualWidth: 800.0
21:34:43.364 [FXGL Background Thread 3 ] DEBUG Engine               - actualWidthProperty: ReadOnlyDoubleProperty [value: 800.0]
21:34:43.364 [FXGL Background Thread 3 ] DEBUG Engine               - appIcon: fxgl_icon.png
21:34:43.364 [FXGL Background Thread 3 ] DEBUG Engine               - applicationMode: DEVELOPER
21:34:43.365 [FXGL Background Thread 3 ] DEBUG Engine               - cSSList: [fxgl_dark.css]
21:34:43.365 [FXGL Background Thread 3 ] DEBUG Engine               - configClass: Optional.empty
21:34:43.365 [FXGL Background Thread 3 ] DEBUG Engine               - credits: []
21:34:43.365 [FXGL Background Thread 3 ] DEBUG Engine               - devBBoxColorProperty: ObjectProperty [value: 0xff0000ff]
21:34:43.366 [FXGL Background Thread 3 ] DEBUG Engine               - devEnableDebugCameraProperty: BooleanProperty [value: false]
21:34:43.366 [FXGL Background Thread 3 ] DEBUG Engine               - devSensorColorProperty: ObjectProperty [value: 0xffff00ff]
21:34:43.366 [FXGL Background Thread 3 ] DEBUG Engine               - devShowBBoxProperty: BooleanProperty [value: false]
21:34:43.366 [FXGL Background Thread 3 ] DEBUG Engine               - devShowPositionProperty: BooleanProperty [value: false]
21:34:43.366 [FXGL Background Thread 3 ] DEBUG Engine               - enabledMenuItems: []
21:34:43.366 [FXGL Background Thread 3 ] DEBUG Engine               - engineServices: [class com.almasb.fxgl.app.FXGLApplication$GameApplicationService, class com.almasb.fxgl.app.services.FXGLDialogService, class com.almasb.fxgl.app.services.IOTaskExecutorService, class com.almasb.fxgl.event.EventBusService, class com.almasb.fxgl.io.FileSystemService, class com.almasb.fxgl.localization.LocalizationService, class com.almasb.fxgl.app.services.FXGLAssetLoaderService, class com.almasb.fxgl.app.services.SystemBundleService, class com.almasb.fxgl.profile.SaveLoadService, class com.almasb.fxgl.ui.FXGLUIFactoryServiceProvider, class com.almasb.fxgl.ui.FXGLDialogFactoryServiceProvider, class com.almasb.fxgl.audio.AudioPlayer, class com.almasb.fxgl.notification.impl.NotificationServiceProvider, class com.almasb.fxgl.achievement.AchievementService, class com.almasb.fxgl.cutscene.CutsceneService, class com.almasb.fxgl.minigames.MiniGameService, class com.almasb.fxgl.net.NetService, class com.almasb.fxgl.app.services.UpdaterService, class com.almasb.fxgl.dev.DevService]
21:34:43.366 [FXGL Background Thread 3 ] DEBUG Engine               - fontGame: Abel-Regular.ttf
21:34:43.366 [FXGL Background Thread 3 ] DEBUG Engine               - fontMono: lucida_console.ttf
21:34:43.366 [FXGL Background Thread 3 ] DEBUG Engine               - fontText: Courier-Prime.ttf
21:34:43.368 [FXGL Background Thread 3 ] DEBUG Engine               - fontUI: VarelaRound-Regular.ttf
21:34:43.368 [FXGL Background Thread 3 ] DEBUG Engine               - fullScreen: BooleanProperty [value: false]
21:34:43.368 [FXGL Background Thread 3 ] DEBUG Engine               - gameDifficulty: MEDIUM
21:34:43.368 [FXGL Background Thread 3 ] DEBUG Engine               - gameDifficultyProperty: ObjectProperty [value: MEDIUM]
21:34:43.369 [FXGL Background Thread 3 ] DEBUG Engine               - globalMusicVolume: 0.5
21:34:43.369 [FXGL Background Thread 3 ] DEBUG Engine               - globalMusicVolumeProperty: DoubleProperty [value: 0.5]
21:34:43.369 [FXGL Background Thread 3 ] DEBUG Engine               - globalSoundVolume: 0.5
21:34:43.370 [FXGL Background Thread 3 ] DEBUG Engine               - globalSoundVolumeProperty: DoubleProperty [value: 0.5]
21:34:43.370 [FXGL Background Thread 3 ] DEBUG Engine               - height: 600
21:34:43.370 [FXGL Background Thread 3 ] DEBUG Engine               - isAndroid: false
21:34:43.370 [FXGL Background Thread 3 ] DEBUG Engine               - isBrowser: false
21:34:43.370 [FXGL Background Thread 3 ] DEBUG Engine               - isClickFeedbackEnabled: false
21:34:43.371 [FXGL Background Thread 3 ] DEBUG Engine               - isCloseConfirmation: false
21:34:43.371 [FXGL Background Thread 3 ] DEBUG Engine               - isDesktop: true
21:34:43.371 [FXGL Background Thread 3 ] DEBUG Engine               - isDeveloperMenuEnabled: false
21:34:43.372 [FXGL Background Thread 3 ] DEBUG Engine               - isEntityPreloadEnabled: true
21:34:43.373 [FXGL Background Thread 3 ] DEBUG Engine               - isExperimental3D: false
21:34:43.373 [FXGL Background Thread 3 ] DEBUG Engine               - isExperimentalNative: false
21:34:43.373 [FXGL Background Thread 3 ] DEBUG Engine               - isExperimentalTiledLargeMap: false
21:34:43.373 [FXGL Background Thread 3 ] DEBUG Engine               - isFileSystemWriteAllowed: true
21:34:43.373 [FXGL Background Thread 3 ] DEBUG Engine               - isFullScreenAllowed: false
21:34:43.374 [FXGL Background Thread 3 ] DEBUG Engine               - isFullScreenFromStart: false
21:34:43.374 [FXGL Background Thread 3 ] DEBUG Engine               - isGameMenuEnabled: true
21:34:43.374 [FXGL Background Thread 3 ] DEBUG Engine               - isIOS: false
21:34:43.374 [FXGL Background Thread 3 ] DEBUG Engine               - isIntroEnabled: false
21:34:43.375 [FXGL Background Thread 3 ] DEBUG Engine               - isLinux: false
21:34:43.375 [FXGL Background Thread 3 ] DEBUG Engine               - isMac: false
21:34:43.375 [FXGL Background Thread 3 ] DEBUG Engine               - isMainMenuEnabled: false
21:34:43.375 [FXGL Background Thread 3 ] DEBUG Engine               - isManualResizeEnabled: false
21:34:43.375 [FXGL Background Thread 3 ] DEBUG Engine               - isMobile: false
21:34:43.375 [FXGL Background Thread 3 ] DEBUG Engine               - isPreserveResizeRatio: false
21:34:43.375 [FXGL Background Thread 3 ] DEBUG Engine               - isProfilingEnabled: false
21:34:43.375 [FXGL Background Thread 3 ] DEBUG Engine               - isScaleAffectedOnResize: true
21:34:43.376 [FXGL Background Thread 3 ] DEBUG Engine               - isSingleStep: false
21:34:43.376 [FXGL Background Thread 3 ] DEBUG Engine               - isUserProfileEnabled: false
21:34:43.376 [FXGL Background Thread 3 ] DEBUG Engine               - isWindows: true
21:34:43.376 [FXGL Background Thread 3 ] DEBUG Engine               - language: ObjectProperty [value: ENGLISH]
21:34:43.376 [FXGL Background Thread 3 ] DEBUG Engine               - menuKey: ESCAPE
21:34:43.377 [FXGL Background Thread 3 ] DEBUG Engine               - notificationViewClass: class com.almasb.fxgl.notification.view.XboxNotificationView
21:34:43.377 [FXGL Background Thread 3 ] DEBUG Engine               - pixelsPerMeter: 50.0
21:34:43.377 [FXGL Background Thread 3 ] DEBUG Engine               - platform: WINDOWS
21:34:43.377 [FXGL Background Thread 3 ] DEBUG Engine               - prefHeightProperty: ReadOnlyDoubleProperty [value: 600.0]
21:34:43.378 [FXGL Background Thread 3 ] DEBUG Engine               - prefWidthProperty: ReadOnlyDoubleProperty [value: 800.0]
21:34:43.378 [FXGL Background Thread 3 ] DEBUG Engine               - profileDir: profiles/
21:34:43.378 [FXGL Background Thread 3 ] DEBUG Engine               - profileName: StringProperty [value: DEFAULT]
21:34:43.378 [FXGL Background Thread 3 ] DEBUG Engine               - randomSeed: -1
21:34:43.378 [FXGL Background Thread 3 ] DEBUG Engine               - runtimeInfo: RuntimeInfo(platform=WINDOWS, version=11.12, build=11.12.2020 08.51)
21:34:43.379 [FXGL Background Thread 3 ] DEBUG Engine               - saveFileExt: sav
21:34:43.379 [FXGL Background Thread 3 ] DEBUG Engine               - scaledHeightProp$fxgl: DoubleProperty [bound, value: 600.0]
21:34:43.379 [FXGL Background Thread 3 ] DEBUG Engine               - scaledWidthProp$fxgl: DoubleProperty [bound, value: 800.0]
21:34:43.379 [FXGL Background Thread 3 ] DEBUG Engine               - sceneFactory: com.almasb.fxgl.app.scene.SceneFactory@3c1d060f
21:34:43.379 [FXGL Background Thread 3 ] DEBUG Engine               - secondsIn24h: 60
21:34:43.380 [FXGL Background Thread 3 ] DEBUG Engine               - soundMenuBack: menu/back.wav
21:34:43.380 [FXGL Background Thread 3 ] DEBUG Engine               - soundMenuPress: menu/press.wav
21:34:43.380 [FXGL Background Thread 3 ] DEBUG Engine               - soundMenuSelect: menu/select.wav
21:34:43.380 [FXGL Background Thread 3 ] DEBUG Engine               - soundNotification: core/notification.wav
21:34:43.380 [FXGL Background Thread 3 ] DEBUG Engine               - stageStyle: DECORATED
21:34:43.380 [FXGL Background Thread 3 ] DEBUG Engine               - supportedLanguages: [ENGLISH, FRENCH, GERMAN, HUNGARIAN, RUSSIAN]
21:34:43.380 [FXGL Background Thread 3 ] DEBUG Engine               - title: Untitled
21:34:43.381 [FXGL Background Thread 3 ] DEBUG Engine               - urlGithub: https://github.com/AlmasB/FXGL
21:34:43.381 [FXGL Background Thread 3 ] DEBUG Engine               - urlLeaderboard: http://fxgl-top.herokuapp.com/
21:34:43.381 [FXGL Background Thread 3 ] DEBUG Engine               - urlPOM: https://raw.githubusercontent.com/AlmasB/FXGL/master/README.md
21:34:43.381 [FXGL Background Thread 3 ] DEBUG Engine               - version: 0.0
21:34:43.381 [FXGL Background Thread 3 ] DEBUG Engine               - versionCheckDays: 7
21:34:43.381 [FXGL Background Thread 3 ] DEBUG Engine               - width: 800
21:34:43.381 [FXGL Background Thread 3 ] DEBUG Engine               - Logging services
21:34:43.381 [FXGL Background Thread 3 ] DEBUG Engine               - class com.almasb.fxgl.app.FXGLApplication$GameApplicationService
21:34:43.382 [FXGL Background Thread 3 ] DEBUG Engine               - class com.almasb.fxgl.app.services.FXGLDialogService
21:34:43.382 [FXGL Background Thread 3 ] DEBUG Engine               - class com.almasb.fxgl.app.services.IOTaskExecutorService
21:34:43.382 [FXGL Background Thread 3 ] DEBUG Engine               - class com.almasb.fxgl.event.EventBusService
21:34:43.382 [FXGL Background Thread 3 ] DEBUG Engine               - class com.almasb.fxgl.io.FileSystemService
21:34:43.382 [FXGL Background Thread 3 ] DEBUG Engine               - class com.almasb.fxgl.localization.LocalizationService
21:34:43.382 [FXGL Background Thread 3 ] DEBUG Engine               - class com.almasb.fxgl.app.services.FXGLAssetLoaderService
21:34:43.382 [FXGL Background Thread 3 ] DEBUG Engine               - class com.almasb.fxgl.app.services.SystemBundleService
21:34:43.382 [FXGL Background Thread 3 ] DEBUG Engine               - class com.almasb.fxgl.profile.SaveLoadService
21:34:43.383 [FXGL Background Thread 3 ] DEBUG Engine               - class com.almasb.fxgl.ui.FXGLUIFactoryServiceProvider
21:34:43.383 [FXGL Background Thread 3 ] DEBUG Engine               - class com.almasb.fxgl.ui.FXGLDialogFactoryServiceProvider
21:34:43.383 [FXGL Background Thread 3 ] DEBUG Engine               - class com.almasb.fxgl.audio.AudioPlayer
21:34:43.383 [FXGL Background Thread 3 ] DEBUG Engine               - class com.almasb.fxgl.notification.impl.NotificationServiceProvider
21:34:43.383 [FXGL Background Thread 3 ] DEBUG Engine               - class com.almasb.fxgl.achievement.AchievementService
21:34:43.383 [FXGL Background Thread 3 ] DEBUG Engine               - class com.almasb.fxgl.cutscene.CutsceneService
21:34:43.383 [FXGL Background Thread 3 ] DEBUG Engine               - class com.almasb.fxgl.minigames.MiniGameService
21:34:43.383 [FXGL Background Thread 3 ] DEBUG Engine               - class com.almasb.fxgl.net.NetService
21:34:43.384 [FXGL Background Thread 3 ] DEBUG Engine               - class com.almasb.fxgl.app.services.UpdaterService
21:34:43.384 [FXGL Background Thread 3 ] DEBUG Engine               - class com.almasb.fxgl.dev.DevService
21:34:43.877 [JavaFX Application Thread] DEBUG FXGLAssetLoaderServi - Loading from cache: /assets/textures/brick.jpg
21:34:43.882 [JavaFX Application Thread] DEBUG FXGLAssetLoaderServi - Loading from cache: /assets/textures/brick.jpg
21:34:44.645 [JavaFX Application Thread] DEBUG FXGLAssetLoaderServi - Loading from cache: /assets/textures/brick.jpg
21:34:44.649 [JavaFX Application Thread] DEBUG FXGLAssetLoaderServi - Loading from cache: /assets/textures/brick.jpg
21:34:45.605 [JavaFX Application Thread] DEBUG FXGLAssetLoaderServi - Loading from cache: /assets/textures/brick.jpg
21:34:45.618 [JavaFX Application Thread] DEBUG FXGLAssetLoaderServi - Loading from cache: /assets/textures/brick.jpg
21:34:46.629 [JavaFX Application Thread] DEBUG FXGLAssetLoaderServi - Loading from cache: /assets/textures/brick.jpg
21:34:46.632 [JavaFX Application Thread] DEBUG FXGLAssetLoaderServi - Loading from cache: /assets/textures/brick.jpg
21:34:47.636 [JavaFX Application Thread] DEBUG FXGLAssetLoaderServi - Loading from cache: /assets/textures/brick.jpg
21:34:47.643 [JavaFX Application Thread] DEBUG FXGLAssetLoaderServi - Loading from cache: /assets/textures/brick.jpg
21:34:48.661 [JavaFX Application Thread] DEBUG FXGLAssetLoaderServi - Loading from cache: /assets/textures/brick.jpg
21:34:48.664 [JavaFX Application Thread] DEBUG FXGLAssetLoaderServi - Loading from cache: /assets/textures/brick.jpg
21:34:49.653 [JavaFX Application Thread] DEBUG FXGLAssetLoaderServi - Loading from cache: /assets/textures/brick.jpg
21:34:49.655 [JavaFX Application Thread] DEBUG FXGLAssetLoaderServi - Loading from cache: /assets/textures/brick.jpg
21:34:50.660 [JavaFX Application Thread] DEBUG FXGLAssetLoaderServi - Loading from cache: /assets/textures/brick.jpg
21:34:50.663 [JavaFX Application Thread] DEBUG FXGLAssetLoaderServi - Loading from cache: /assets/textures/brick.jpg
21:34:51.653 [JavaFX Application Thread] DEBUG FXGLAssetLoaderServi - Loading from cache: /assets/textures/brick.jpg
21:34:51.655 [JavaFX Application Thread] DEBUG FXGLAssetLoaderServi - Loading from cache: /assets/textures/brick.jpg
21:34:52.661 [JavaFX Application Thread] DEBUG FXGLAssetLoaderServi - Loading from cache: /assets/textures/brick.jpg
21:34:52.664 [JavaFX Application Thread] DEBUG FXGLAssetLoaderServi - Loading from cache: /assets/textures/brick.jpg
21:34:53.653 [JavaFX Application Thread] DEBUG FXGLAssetLoaderServi - Loading from cache: /assets/textures/brick.jpg
21:34:53.655 [JavaFX Application Thread] DEBUG FXGLAssetLoaderServi - Loading from cache: /assets/textures/brick.jpg
21:34:54.661 [JavaFX Application Thread] DEBUG FXGLAssetLoaderServi - Loading from cache: /assets/textures/brick.jpg
21:34:54.665 [JavaFX Application Thread] DEBUG FXGLAssetLoaderServi - Loading from cache: /assets/textures/brick.jpg
21:34:55.654 [JavaFX Application Thread] DEBUG FXGLAssetLoaderServi - Loading from cache: /assets/textures/brick.jpg
21:34:55.661 [JavaFX Application Thread] DEBUG FXGLAssetLoaderServi - Loading from cache: /assets/textures/brick.jpg
21:34:56.725 [JavaFX Application Thread] DEBUG FXGLAssetLoaderServi - Loading from cache: /assets/textures/brick.jpg
21:34:56.728 [JavaFX Application Thread] DEBUG FXGLAssetLoaderServi - Loading from cache: /assets/textures/brick.jpg
21:34:57.727 [JavaFX Application Thread] DEBUG FXGLAssetLoaderServi - Loading from cache: /assets/textures/brick.jpg
21:34:57.729 [JavaFX Application Thread] DEBUG FXGLAssetLoaderServi - Loading from cache: /assets/textures/brick.jpg
21:34:58.764 [JavaFX Application Thread] DEBUG FXGLAssetLoaderServi - Loading from cache: /assets/textures/brick.jpg
21:34:58.774 [JavaFX Application Thread] DEBUG FXGLAssetLoaderServi - Loading from cache: /assets/textures/brick.jpg
21:34:59.755 [JavaFX Application Thread] DEBUG FXGLAssetLoaderServi - Loading from cache: /assets/textures/brick.jpg
21:34:59.756 [JavaFX Application Thread] DEBUG FXGLAssetLoaderServi - Loading from cache: /assets/textures/brick.jpg
21:35:00.750 [JavaFX Application Thread] DEBUG FXGLAssetLoaderServi - Loading from cache: /assets/textures/brick.jpg
21:35:00.756 [JavaFX Application Thread] DEBUG FXGLAssetLoaderServi - Loading from cache: /assets/textures/brick.jpg
21:35:01.731 [JavaFX Application Thread] DEBUG FXGLAssetLoaderServi - Loading from cache: /assets/textures/brick.jpg
21:35:01.733 [JavaFX Application Thread] DEBUG FXGLAssetLoaderServi - Loading from cache: /assets/textures/brick.jpg
21:35:02.744 [JavaFX Application Thread] DEBUG FXGLAssetLoaderServi - Loading from cache: /assets/textures/brick.jpg
21:35:02.746 [JavaFX Application Thread] DEBUG FXGLAssetLoaderServi - Loading from cache: /assets/textures/brick.jpg
21:35:03.795 [JavaFX Application Thread] DEBUG FXGLAssetLoaderServi - Loading from cache: /assets/textures/brick.jpg
21:35:03.798 [JavaFX Application Thread] DEBUG FXGLAssetLoaderServi - Loading from cache: /assets/textures/brick.jpg
21:35:04.807 [JavaFX Application Thread] DEBUG FXGLAssetLoaderServi - Loading from cache: /assets/textures/brick.jpg
21:35:04.808 [JavaFX Application Thread] DEBUG FXGLAssetLoaderServi - Loading from cache: /assets/textures/brick.jpg
21:35:05.899 [JavaFX Application Thread] DEBUG FXGLAssetLoaderServi - Loading from cache: /assets/textures/brick.jpg
21:35:05.901 [JavaFX Application Thread] DEBUG FXGLAssetLoaderServi - Loading from cache: /assets/textures/brick.jpg
21:35:06.861 [JavaFX Application Thread] DEBUG FXGLAssetLoaderServi - Loading from cache: /assets/textures/brick.jpg
21:35:06.863 [JavaFX Application Thread] DEBUG FXGLAssetLoaderServi - Loading from cache: /assets/textures/brick.jpg
21:35:07.155 [JavaFX Application Thread] DEBUG LoopRunner           - Stopping loop
21:35:07.156 [JavaFX Application Thread] FATAL FXGLApplication      - Uncaught Exception:
java.lang.NullPointerException: invoke(...) must not be null
	at com.almasb.fxgl.dsl.FXGLForKtKt$sam$java_lang_Runnable$0.run(FXGLForKt.kt)
	at com.almasb.fxgl.dsl.FXGL$Companion$onKeyDown$1.onActionBegin(FXGL.kt:373)
	at com.almasb.fxgl.input.UserAction.begin$fxgl_input(UserAction.kt:37)
	at com.almasb.fxgl.input.Input.handlePressed(Input.kt:261)
	at com.almasb.fxgl.input.Input.onKeyEvent(Input.kt:202)
	at com.almasb.fxgl.app.MainWindow$1$1.invoke(MainWindow.kt:93)
	at com.almasb.fxgl.app.MainWindow$1$1.invoke(MainWindow.kt:40)
	at com.almasb.fxgl.core.fsm.StateMachine.runOnActiveStates(StateMachine.kt:60)
	at com.almasb.fxgl.app.MainWindow$1.invoke(MainWindow.kt:93)
	at com.almasb.fxgl.app.MainWindow$1.invoke(MainWindow.kt:40)
	at com.almasb.fxgl.app.MainWindow$sam$javafx_event_EventHandler$0.handle(MainWindow.kt)
	at javafx.base@21/com.sun.javafx.event.CompositeEventHandler$NormalEventHandlerRecord.handleBubblingEvent(CompositeEventHandler.java:247)
	at javafx.base@21/com.sun.javafx.event.CompositeEventHandler.dispatchBubblingEvent(CompositeEventHandler.java:80)
	at javafx.base@21/com.sun.javafx.event.EventHandlerManager.dispatchBubblingEvent(EventHandlerManager.java:232)
	at javafx.base@21/com.sun.javafx.event.EventHandlerManager.dispatchBubblingEvent(EventHandlerManager.java:189)
	at javafx.base@21/com.sun.javafx.event.CompositeEventDispatcher.dispatchBubblingEvent(CompositeEventDispatcher.java:59)
	at javafx.base@21/com.sun.javafx.event.BasicEventDispatcher.dispatchEvent(BasicEventDispatcher.java:58)
	at javafx.base@21/com.sun.javafx.event.EventDispatchChainImpl.dispatchEvent(EventDispatchChainImpl.java:114)
	at javafx.base@21/com.sun.javafx.event.BasicEventDispatcher.dispatchEvent(BasicEventDispatcher.java:56)
	at javafx.base@21/com.sun.javafx.event.EventDispatchChainImpl.dispatchEvent(EventDispatchChainImpl.java:114)
	at javafx.base@21/com.sun.javafx.event.EventUtil.fireEventImpl(EventUtil.java:74)
	at javafx.base@21/com.sun.javafx.event.EventUtil.fireEvent(EventUtil.java:54)
	at javafx.base@21/javafx.event.Event.fireEvent(Event.java:198)
	at javafx.graphics@21/javafx.scene.Scene.processKeyEvent(Scene.java:2194)
	at javafx.graphics@21/javafx.scene.Scene$ScenePeerListener.keyEvent(Scene.java:2715)
	at javafx.graphics@21/com.sun.javafx.tk.quantum.GlassViewEventHandler$KeyEventNotification.run(GlassViewEventHandler.java:218)
	at javafx.graphics@21/com.sun.javafx.tk.quantum.GlassViewEventHandler$KeyEventNotification.run(GlassViewEventHandler.java:150)
	at java.base/java.security.AccessController.doPrivileged(AccessController.java:400)
	at javafx.graphics@21/com.sun.javafx.tk.quantum.GlassViewEventHandler.lambda$handleKeyEvent$1(GlassViewEventHandler.java:250)
	at javafx.graphics@21/com.sun.javafx.tk.quantum.QuantumToolkit.runWithoutRenderLock(QuantumToolkit.java:424)
	at javafx.graphics@21/com.sun.javafx.tk.quantum.GlassViewEventHandler.handleKeyEvent(GlassViewEventHandler.java:249)
	at javafx.graphics@21/com.sun.glass.ui.View.handleKeyEvent(View.java:542)
	at javafx.graphics@21/com.sun.glass.ui.View.notifyKey(View.java:966)
	at javafx.graphics@21/com.sun.glass.ui.win.WinApplication._runLoop(Native Method)
	at javafx.graphics@21/com.sun.glass.ui.win.WinApplication.lambda$runLoop$3(WinApplication.java:185)
	at java.base/java.lang.Thread.run(Thread.java:1583)

21:35:07.156 [JavaFX Application Thread] FATAL FXGLApplication      - Application will now exit
21:35:07.173 [JavaFX Application Thread] DEBUG MainWindow           - Push state: ErrorSubScene
21:35:07.173 [JavaFX Application Thread] DEBUG Input                - Clearing active input actions
21:35:07.177 [JavaFX Application Thread] DEBUG GameApplicationServi - Removing overlay from GameScene and adding to ErrorSubScene
21:35:07.178 [JavaFX Application Thread] DEBUG MainWindow           - GameScene -> ErrorSubScene
21:35:11.381 [JavaFX Application Thread] DEBUG FXGLApplication      - Exiting FXGL
21:35:11.381 [JavaFX Application Thread] DEBUG Async                - Shutting down background threads
21:35:11.381 [JavaFX Application Thread] DEBUG MainWindow           - Closing main window
21:35:11.412 [JavaFX Application Thread] DEBUG Logger               - Closing Logger
