21:28:01.909 [main                     ] DEBUG Logger               - Configured Logger
21:28:01.919 [main                     ] DEBUG GameApplication      - Logging settings
Title: Untitled
Version: 0.0
Width: 800
Height: 600
Fullscreen: false
Intro: false
Profiling: false
Single step:false
App Mode: DEVELOPER
Menu Key: ESCAPE
Stage Style: DECORATED
Scene Factory: class com.almasb.fxgl.app.scene.SceneFactory

21:28:03.190 [JavaFX Application Thread] DEBUG FXGLApplication      - Initializing FXGL
21:28:03.198 [JavaFX Application Thread] INFO  Engine               - FXGL-11.12 (11.12.2020 08.51) on WINDOWS (J:21.0.2 FX:21)
21:28:03.199 [JavaFX Application Thread] DEBUG Engine               - JRE Vendor Name: Oracle Corporation
21:28:03.199 [JavaFX Application Thread] DEBUG Engine               - Running on OS: Windows 11 version 10.0
21:28:03.199 [JavaFX Application Thread] DEBUG Engine               - Architecture: amd64
21:28:03.199 [JavaFX Application Thread] INFO  Engine               - Source code and latest versions at: https://github.com/AlmasB/FXGL
21:28:03.200 [JavaFX Application Thread] INFO  Engine               -              Join the FXGL chat at: https://gitter.im/AlmasB/FXGL
21:28:03.508 [JavaFX Application Thread] DEBUG MainWindow           - Creating a JavaFX scene
21:28:03.628 [JavaFX Application Thread] DEBUG MainWindow           - Target settings size: 800.0 x 600.0
21:28:03.628 [JavaFX Application Thread] DEBUG MainWindow           - Scaled scene size:    800.0 x 600.0
21:28:03.628 [JavaFX Application Thread] DEBUG MainWindow           - Scaled ratio: (1.0, 1.0)
21:28:03.630 [JavaFX Application Thread] DEBUG MainWindow           - Set initial scene to StartupScene
21:28:03.640 [JavaFX Application Thread] DEBUG MainWindow           - Opening main window
21:28:03.916 [JavaFX Application Thread] DEBUG MainWindow           - Window border size: (14.4000244140625, 37.5999755859375)
21:28:03.917 [JavaFX Application Thread] DEBUG MainWindow           - Scaled size: 800.0 x 600.0
21:28:03.917 [JavaFX Application Thread] DEBUG MainWindow           - Scaled ratio: (1.0, 1.0)
21:28:03.918 [JavaFX Application Thread] DEBUG MainWindow           - Scene size: 800.0 x 600.0
21:28:03.918 [JavaFX Application Thread] DEBUG MainWindow           - Stage size: 814.4000244140625 x 637.5999755859375
21:28:03.956 [FXGL Background Thread 1 ] DEBUG Engine               - Initializing environment variables
21:28:04.174 [FXGL Background Thread 1 ] DEBUG GameApplicationServi - Applying CSS: fxgl_dark.css
21:28:04.176 [FXGL Background Thread 1 ] DEBUG FXGLAssetLoaderServi - Loading from file system: /assets/ui/css/fxgl_dark.css
21:28:04.357 [FXGL Background Thread 1 ] DEBUG GameApplicationServi - Initializing application scenes
21:28:04.525 [FXGL Background Thread 1 ] DEBUG GameWorld            - Game world initialized
21:28:04.862 [FXGL Background Thread 1 ] DEBUG PhysicsWorld         - Physics world initialized: appHeight=600, physics.ppm=50.0
21:28:04.869 [FXGL Background Thread 1 ] DEBUG GameScene            - Game scene initialized: 800x600
21:28:04.986 [FXGL Background Thread 1 ] DEBUG FXGLAssetLoaderServi - Loading from file system: /assets/textures/particles/trace_horizontal.png
21:28:05.150 [FXGL Background Thread 1 ] DEBUG FXGL.DefaultMenu     - createMenuBodyGameMenu()
21:28:05.205 [FXGL Background Thread 1 ] DEBUG FXGL.DefaultMenu     - createOptionsMenu()
21:28:05.225 [FXGL Background Thread 1 ] DEBUG FXGLAssetLoaderServi - Loading from file system: /assets/textures/particles/smoke.png
21:28:05.402 [FXGL Background Thread 1 ] DEBUG GameApplicationServi - Application scenes initialized
21:28:05.485 [FXGL Background Thread 1 ] DEBUG SystemBundleService  - Loading FXGL system data
21:28:05.500 [FXGL Background Thread 1 ] DEBUG FileSystemAccess     - Reading from: C:\Users\chowdhuryj\OneDrive - Milwaukee School of Engineering\Desktop\JavaFXGL\system\fxgl.bundle
21:28:05.540 [FXGL Background Thread 1 ] DEBUG SystemBundleService  - Bundle FXGL: {}
21:28:05.541 [FXGL Background Thread 1 ] DEBUG UpdaterService       - Checking for updates
21:28:05.562 [FXGL Background Thread 4 ] DEBUG FXGLApplication      - Loading fonts
21:28:05.563 [FXGL Background Thread 4 ] DEBUG FXGLAssetLoaderServi - Loading from file system: /assets/ui/fonts/VarelaRound-Regular.ttf
21:28:05.565 [FXGL Background Thread 1 ] DEBUG FXGLApplication      - Loading default localization
21:28:05.566 [FXGL Background Thread 1 ] DEBUG FXGLAssetLoaderServi - Loading from file system: /assets/languages/english.lang
21:28:05.626 [FXGL Background Thread 1 ] INFO  FXGLApplication      - FXGL initialization took: 1.670 sec
21:28:05.628 [JavaFX Application Thread] DEBUG FXGLAssetLoaderServi - Loading from file system: /assets/textures/fxgl_icon.png
21:28:05.700 [JavaFX Application Thread] DEBUG FXGLAssetLoaderServi - Loading from file system: /assets/ui/cursors/fxgl_default.png
21:28:05.826 [FXGL Background Thread 4 ] DEBUG FXGLAssetLoaderServi - Loading from file system: /assets/ui/fonts/Abel-Regular.ttf
21:28:05.836 [JavaFX Application Thread] DEBUG Input                - Registered new binding: Screenshot - P
21:28:05.841 [JavaFX Application Thread] DEBUG Input                - Registered new binding: System info dump - CTRL+9
21:28:05.842 [FXGL Background Thread 4 ] DEBUG FXGLAssetLoaderServi - Loading from file system: /assets/ui/fonts/lucida_console.ttf
21:28:05.844 [JavaFX Application Thread] DEBUG Input                - Registered new binding: Restart - CTRL+R
21:28:05.850 [JavaFX Application Thread] DEBUG Input                - Registered new binding: Toggle Debug Camera - CTRL+C
21:28:05.868 [FXGL Background Thread 4 ] DEBUG FXGLAssetLoaderServi - Loading from file system: /assets/ui/fonts/Courier-Prime.ttf
21:28:05.899 [JavaFX Application Thread] DEBUG LoopRunner           - Starting loop
21:28:05.906 [JavaFX Application Thread] DEBUG GameApplicationServi - Starting new game
21:28:05.908 [JavaFX Application Thread] DEBUG Input                - Clearing active input actions
21:28:05.982 [JavaFX Application Thread] DEBUG GameApplicationServi - Removing overlay from StartupScene and adding to FXGLLoadingScene
21:28:05.983 [JavaFX Application Thread] DEBUG MainWindow           - StartupScene -> FXGLLoadingScene
21:28:05.984 [JavaFX Application Thread] DEBUG GameApplicationServi - Clearing previous game
21:28:05.984 [JavaFX Application Thread] DEBUG GameScene            - Clearing game scene
21:28:05.985 [JavaFX Application Thread] DEBUG GameWorld            - Clearing game world
21:28:05.986 [JavaFX Application Thread] DEBUG PhysicsWorld         - Clearing physics world
21:28:05.993 [FXGL Background Thread 4 ] DEBUG FXGLApplication      - Initializing game
21:28:05.993 [JavaFX Application Thread] DEBUG FXGLApplication      - Registering font factories with UI factory
21:28:06.018 [FXGL Background Thread 4 ] INFO  FXGLApplication      - Game initialization took: 0.025 sec
21:28:06.178 [JavaFX Application Thread] DEBUG Input                - Clearing active input actions
21:28:06.210 [JavaFX Application Thread] DEBUG GameApplicationServi - Removing overlay from FXGLLoadingScene and adding to GameScene
21:28:06.211 [JavaFX Application Thread] DEBUG MainWindow           - FXGLLoadingScene -> GameScene
21:28:07.410 [FXGL Background Thread 2 ] INFO  UpdaterService       - Your current version:  11.12
21:28:07.411 [FXGL Background Thread 2 ] INFO  UpdaterService       - Latest stable version: 21.1
21:28:07.450 [JavaFX Application Thread] DEBUG FXGLAssetLoaderServi - Loading from file system: /assets/textures/brick.jpg
21:28:07.546 [JavaFX Application Thread] DEBUG FXGLAssetLoaderServi - Loading from cache: /assets/textures/brick.jpg
21:28:08.407 [JavaFX Application Thread] DEBUG FXGLAssetLoaderServi - Loading from cache: /assets/textures/brick.jpg
21:28:08.411 [JavaFX Application Thread] DEBUG FXGLAssetLoaderServi - Loading from cache: /assets/textures/brick.jpg
21:28:08.555 [FXGL Background Thread 3 ] DEBUG Engine               - Logging environment variables
21:28:08.555 [FXGL Background Thread 3 ] DEBUG Engine               - achievements: []
21:28:08.555 [FXGL Background Thread 3 ] DEBUG Engine               - actualHeight: 600.0
21:28:08.555 [FXGL Background Thread 3 ] DEBUG Engine               - actualHeightProperty: ReadOnlyDoubleProperty [value: 600.0]
21:28:08.555 [FXGL Background Thread 3 ] DEBUG Engine               - actualWidth: 800.0
21:28:08.555 [FXGL Background Thread 3 ] DEBUG Engine               - actualWidthProperty: ReadOnlyDoubleProperty [value: 800.0]
21:28:08.555 [FXGL Background Thread 3 ] DEBUG Engine               - appIcon: fxgl_icon.png
21:28:08.556 [FXGL Background Thread 3 ] DEBUG Engine               - applicationMode: DEVELOPER
21:28:08.556 [FXGL Background Thread 3 ] DEBUG Engine               - cSSList: [fxgl_dark.css]
21:28:08.556 [FXGL Background Thread 3 ] DEBUG Engine               - configClass: Optional.empty
21:28:08.556 [FXGL Background Thread 3 ] DEBUG Engine               - credits: []
21:28:08.556 [FXGL Background Thread 3 ] DEBUG Engine               - devBBoxColorProperty: ObjectProperty [value: 0xff0000ff]
21:28:08.556 [FXGL Background Thread 3 ] DEBUG Engine               - devEnableDebugCameraProperty: BooleanProperty [value: false]
21:28:08.556 [FXGL Background Thread 3 ] DEBUG Engine               - devSensorColorProperty: ObjectProperty [value: 0xffff00ff]
21:28:08.556 [FXGL Background Thread 3 ] DEBUG Engine               - devShowBBoxProperty: BooleanProperty [value: false]
21:28:08.557 [FXGL Background Thread 3 ] DEBUG Engine               - devShowPositionProperty: BooleanProperty [value: false]
21:28:08.557 [FXGL Background Thread 3 ] DEBUG Engine               - enabledMenuItems: []
21:28:08.557 [FXGL Background Thread 3 ] DEBUG Engine               - engineServices: [class com.almasb.fxgl.app.FXGLApplication$GameApplicationService, class com.almasb.fxgl.app.services.FXGLDialogService, class com.almasb.fxgl.app.services.IOTaskExecutorService, class com.almasb.fxgl.event.EventBusService, class com.almasb.fxgl.io.FileSystemService, class com.almasb.fxgl.localization.LocalizationService, class com.almasb.fxgl.app.services.FXGLAssetLoaderService, class com.almasb.fxgl.app.services.SystemBundleService, class com.almasb.fxgl.profile.SaveLoadService, class com.almasb.fxgl.ui.FXGLUIFactoryServiceProvider, class com.almasb.fxgl.ui.FXGLDialogFactoryServiceProvider, class com.almasb.fxgl.audio.AudioPlayer, class com.almasb.fxgl.notification.impl.NotificationServiceProvider, class com.almasb.fxgl.achievement.AchievementService, class com.almasb.fxgl.cutscene.CutsceneService, class com.almasb.fxgl.minigames.MiniGameService, class com.almasb.fxgl.net.NetService, class com.almasb.fxgl.app.services.UpdaterService, class com.almasb.fxgl.dev.DevService]
21:28:08.557 [FXGL Background Thread 3 ] DEBUG Engine               - fontGame: Abel-Regular.ttf
21:28:08.557 [FXGL Background Thread 3 ] DEBUG Engine               - fontMono: lucida_console.ttf
21:28:08.557 [FXGL Background Thread 3 ] DEBUG Engine               - fontText: Courier-Prime.ttf
21:28:08.557 [FXGL Background Thread 3 ] DEBUG Engine               - fontUI: VarelaRound-Regular.ttf
21:28:08.557 [FXGL Background Thread 3 ] DEBUG Engine               - fullScreen: BooleanProperty [value: false]
21:28:08.557 [FXGL Background Thread 3 ] DEBUG Engine               - gameDifficulty: MEDIUM
21:28:08.557 [FXGL Background Thread 3 ] DEBUG Engine               - gameDifficultyProperty: ObjectProperty [value: MEDIUM]
21:28:08.557 [FXGL Background Thread 3 ] DEBUG Engine               - globalMusicVolume: 0.5
21:28:08.557 [FXGL Background Thread 3 ] DEBUG Engine               - globalMusicVolumeProperty: DoubleProperty [value: 0.5]
21:28:08.557 [FXGL Background Thread 3 ] DEBUG Engine               - globalSoundVolume: 0.5
21:28:08.557 [FXGL Background Thread 3 ] DEBUG Engine               - globalSoundVolumeProperty: DoubleProperty [value: 0.5]
21:28:08.557 [FXGL Background Thread 3 ] DEBUG Engine               - height: 600
21:28:08.557 [FXGL Background Thread 3 ] DEBUG Engine               - isAndroid: false
21:28:08.557 [FXGL Background Thread 3 ] DEBUG Engine               - isBrowser: false
21:28:08.557 [FXGL Background Thread 3 ] DEBUG Engine               - isClickFeedbackEnabled: false
21:28:08.557 [FXGL Background Thread 3 ] DEBUG Engine               - isCloseConfirmation: false
21:28:08.557 [FXGL Background Thread 3 ] DEBUG Engine               - isDesktop: true
21:28:08.557 [FXGL Background Thread 3 ] DEBUG Engine               - isDeveloperMenuEnabled: false
21:28:08.557 [FXGL Background Thread 3 ] DEBUG Engine               - isEntityPreloadEnabled: true
21:28:08.557 [FXGL Background Thread 3 ] DEBUG Engine               - isExperimental3D: false
21:28:08.557 [FXGL Background Thread 3 ] DEBUG Engine               - isExperimentalNative: false
21:28:08.557 [FXGL Background Thread 3 ] DEBUG Engine               - isExperimentalTiledLargeMap: false
21:28:08.557 [FXGL Background Thread 3 ] DEBUG Engine               - isFileSystemWriteAllowed: true
21:28:08.557 [FXGL Background Thread 3 ] DEBUG Engine               - isFullScreenAllowed: false
21:28:08.557 [FXGL Background Thread 3 ] DEBUG Engine               - isFullScreenFromStart: false
21:28:08.557 [FXGL Background Thread 3 ] DEBUG Engine               - isGameMenuEnabled: true
21:28:08.557 [FXGL Background Thread 3 ] DEBUG Engine               - isIOS: false
21:28:08.558 [FXGL Background Thread 3 ] DEBUG Engine               - isIntroEnabled: false
21:28:08.558 [FXGL Background Thread 3 ] DEBUG Engine               - isLinux: false
21:28:08.558 [FXGL Background Thread 3 ] DEBUG Engine               - isMac: false
21:28:08.558 [FXGL Background Thread 3 ] DEBUG Engine               - isMainMenuEnabled: false
21:28:08.558 [FXGL Background Thread 3 ] DEBUG Engine               - isManualResizeEnabled: false
21:28:08.558 [FXGL Background Thread 3 ] DEBUG Engine               - isMobile: false
21:28:08.558 [FXGL Background Thread 3 ] DEBUG Engine               - isPreserveResizeRatio: false
21:28:08.558 [FXGL Background Thread 3 ] DEBUG Engine               - isProfilingEnabled: false
21:28:08.558 [FXGL Background Thread 3 ] DEBUG Engine               - isScaleAffectedOnResize: true
21:28:08.558 [FXGL Background Thread 3 ] DEBUG Engine               - isSingleStep: false
21:28:08.558 [FXGL Background Thread 3 ] DEBUG Engine               - isUserProfileEnabled: false
21:28:08.558 [FXGL Background Thread 3 ] DEBUG Engine               - isWindows: true
21:28:08.559 [FXGL Background Thread 3 ] DEBUG Engine               - language: ObjectProperty [value: ENGLISH]
21:28:08.560 [FXGL Background Thread 3 ] DEBUG Engine               - menuKey: ESCAPE
21:28:08.560 [FXGL Background Thread 3 ] DEBUG Engine               - notificationViewClass: class com.almasb.fxgl.notification.view.XboxNotificationView
21:28:08.560 [FXGL Background Thread 3 ] DEBUG Engine               - pixelsPerMeter: 50.0
21:28:08.560 [FXGL Background Thread 3 ] DEBUG Engine               - platform: WINDOWS
21:28:08.560 [FXGL Background Thread 3 ] DEBUG Engine               - prefHeightProperty: ReadOnlyDoubleProperty [value: 600.0]
21:28:08.560 [FXGL Background Thread 3 ] DEBUG Engine               - prefWidthProperty: ReadOnlyDoubleProperty [value: 800.0]
21:28:08.560 [FXGL Background Thread 3 ] DEBUG Engine               - profileDir: profiles/
21:28:08.560 [FXGL Background Thread 3 ] DEBUG Engine               - profileName: StringProperty [value: DEFAULT]
21:28:08.560 [FXGL Background Thread 3 ] DEBUG Engine               - randomSeed: -1
21:28:08.560 [FXGL Background Thread 3 ] DEBUG Engine               - runtimeInfo: RuntimeInfo(platform=WINDOWS, version=11.12, build=11.12.2020 08.51)
21:28:08.560 [FXGL Background Thread 3 ] DEBUG Engine               - saveFileExt: sav
21:28:08.560 [FXGL Background Thread 3 ] DEBUG Engine               - scaledHeightProp$fxgl: DoubleProperty [bound, value: 600.0]
21:28:08.560 [FXGL Background Thread 3 ] DEBUG Engine               - scaledWidthProp$fxgl: DoubleProperty [bound, value: 800.0]
21:28:08.560 [FXGL Background Thread 3 ] DEBUG Engine               - sceneFactory: com.almasb.fxgl.app.scene.SceneFactory@56d32735
21:28:08.560 [FXGL Background Thread 3 ] DEBUG Engine               - secondsIn24h: 60
21:28:08.560 [FXGL Background Thread 3 ] DEBUG Engine               - soundMenuBack: menu/back.wav
21:28:08.560 [FXGL Background Thread 3 ] DEBUG Engine               - soundMenuPress: menu/press.wav
21:28:08.560 [FXGL Background Thread 3 ] DEBUG Engine               - soundMenuSelect: menu/select.wav
21:28:08.560 [FXGL Background Thread 3 ] DEBUG Engine               - soundNotification: core/notification.wav
21:28:08.560 [FXGL Background Thread 3 ] DEBUG Engine               - stageStyle: DECORATED
21:28:08.560 [FXGL Background Thread 3 ] DEBUG Engine               - supportedLanguages: [ENGLISH, FRENCH, GERMAN, HUNGARIAN, RUSSIAN]
21:28:08.560 [FXGL Background Thread 3 ] DEBUG Engine               - title: Untitled
21:28:08.560 [FXGL Background Thread 3 ] DEBUG Engine               - urlGithub: https://github.com/AlmasB/FXGL
21:28:08.560 [FXGL Background Thread 3 ] DEBUG Engine               - urlLeaderboard: http://fxgl-top.herokuapp.com/
21:28:08.560 [FXGL Background Thread 3 ] DEBUG Engine               - urlPOM: https://raw.githubusercontent.com/AlmasB/FXGL/master/README.md
21:28:08.560 [FXGL Background Thread 3 ] DEBUG Engine               - version: 0.0
21:28:08.560 [FXGL Background Thread 3 ] DEBUG Engine               - versionCheckDays: 7
21:28:08.560 [FXGL Background Thread 3 ] DEBUG Engine               - width: 800
21:28:08.560 [FXGL Background Thread 3 ] DEBUG Engine               - Logging services
21:28:08.560 [FXGL Background Thread 3 ] DEBUG Engine               - class com.almasb.fxgl.app.FXGLApplication$GameApplicationService
21:28:08.560 [FXGL Background Thread 3 ] DEBUG Engine               - class com.almasb.fxgl.app.services.FXGLDialogService
21:28:08.560 [FXGL Background Thread 3 ] DEBUG Engine               - class com.almasb.fxgl.app.services.IOTaskExecutorService
21:28:08.560 [FXGL Background Thread 3 ] DEBUG Engine               - class com.almasb.fxgl.event.EventBusService
21:28:08.560 [FXGL Background Thread 3 ] DEBUG Engine               - class com.almasb.fxgl.io.FileSystemService
21:28:08.560 [FXGL Background Thread 3 ] DEBUG Engine               - class com.almasb.fxgl.localization.LocalizationService
21:28:08.560 [FXGL Background Thread 3 ] DEBUG Engine               - class com.almasb.fxgl.app.services.FXGLAssetLoaderService
21:28:08.560 [FXGL Background Thread 3 ] DEBUG Engine               - class com.almasb.fxgl.app.services.SystemBundleService
21:28:08.560 [FXGL Background Thread 3 ] DEBUG Engine               - class com.almasb.fxgl.profile.SaveLoadService
21:28:08.560 [FXGL Background Thread 3 ] DEBUG Engine               - class com.almasb.fxgl.ui.FXGLUIFactoryServiceProvider
21:28:08.560 [FXGL Background Thread 3 ] DEBUG Engine               - class com.almasb.fxgl.ui.FXGLDialogFactoryServiceProvider
21:28:08.560 [FXGL Background Thread 3 ] DEBUG Engine               - class com.almasb.fxgl.audio.AudioPlayer
21:28:08.560 [FXGL Background Thread 3 ] DEBUG Engine               - class com.almasb.fxgl.notification.impl.NotificationServiceProvider
21:28:08.560 [FXGL Background Thread 3 ] DEBUG Engine               - class com.almasb.fxgl.achievement.AchievementService
21:28:08.560 [FXGL Background Thread 3 ] DEBUG Engine               - class com.almasb.fxgl.cutscene.CutsceneService
21:28:08.560 [FXGL Background Thread 3 ] DEBUG Engine               - class com.almasb.fxgl.minigames.MiniGameService
21:28:08.560 [FXGL Background Thread 3 ] DEBUG Engine               - class com.almasb.fxgl.net.NetService
21:28:08.560 [FXGL Background Thread 3 ] DEBUG Engine               - class com.almasb.fxgl.app.services.UpdaterService
21:28:08.560 [FXGL Background Thread 3 ] DEBUG Engine               - class com.almasb.fxgl.dev.DevService
21:28:09.142 [JavaFX Application Thread] DEBUG FXGLAssetLoaderServi - Loading from cache: /assets/textures/brick.jpg
21:28:09.145 [JavaFX Application Thread] DEBUG FXGLAssetLoaderServi - Loading from cache: /assets/textures/brick.jpg
21:28:09.879 [JavaFX Application Thread] DEBUG FXGLAssetLoaderServi - Loading from cache: /assets/textures/brick.jpg
21:28:09.883 [JavaFX Application Thread] DEBUG FXGLAssetLoaderServi - Loading from cache: /assets/textures/brick.jpg
21:28:10.839 [JavaFX Application Thread] DEBUG FXGLAssetLoaderServi - Loading from cache: /assets/textures/brick.jpg
21:28:10.843 [JavaFX Application Thread] DEBUG FXGLAssetLoaderServi - Loading from cache: /assets/textures/brick.jpg
21:28:11.863 [JavaFX Application Thread] DEBUG FXGLAssetLoaderServi - Loading from cache: /assets/textures/brick.jpg
21:28:11.865 [JavaFX Application Thread] DEBUG FXGLAssetLoaderServi - Loading from cache: /assets/textures/brick.jpg
21:28:12.871 [JavaFX Application Thread] DEBUG FXGLAssetLoaderServi - Loading from cache: /assets/textures/brick.jpg
21:28:12.873 [JavaFX Application Thread] DEBUG FXGLAssetLoaderServi - Loading from cache: /assets/textures/brick.jpg
21:28:13.300 [JavaFX Application Thread] DEBUG FXGLApplication      - Exiting FXGL
21:28:13.300 [JavaFX Application Thread] DEBUG LoopRunner           - Stopping loop
21:28:13.300 [JavaFX Application Thread] DEBUG SystemBundleService  - Saving FXGL system data
21:28:13.305 [JavaFX Application Thread] DEBUG FileSystemAccess     - Writing to: C:\Users\chowdhuryj\OneDrive - Milwaukee School of Engineering\Desktop\JavaFXGL\system\fxgl.bundle
21:28:13.308 [JavaFX Application Thread] DEBUG Async                - Shutting down background threads
21:28:13.309 [JavaFX Application Thread] DEBUG MainWindow           - Closing main window
21:28:13.338 [JavaFX Application Thread] DEBUG Logger               - Closing Logger
