21:22:55.195 [main                     ] DEBUG Logger               - Configured Logger
21:22:55.208 [main                     ] DEBUG GameApplication      - Logging settings
Title: Untitled
Version: 0.0
Width: 800
Height: 600
Fullscreen: false
Intro: false
Profiling: false
Single step:false
App Mode: DEVELOPER
Menu Key: ESCAPE
Stage Style: DECORATED
Scene Factory: class com.almasb.fxgl.app.scene.SceneFactory

21:22:56.432 [JavaFX Application Thread] DEBUG FXGLApplication      - Initializing FXGL
21:22:56.439 [JavaFX Application Thread] INFO  Engine               - FXGL-11.12 (11.12.2020 08.51) on WINDOWS (J:21.0.2 FX:21)
21:22:56.440 [JavaFX Application Thread] DEBUG Engine               - JRE Vendor Name: Oracle Corporation
21:22:56.440 [JavaFX Application Thread] DEBUG Engine               - Running on OS: Windows 11 version 10.0
21:22:56.440 [JavaFX Application Thread] DEBUG Engine               - Architecture: amd64
21:22:56.441 [JavaFX Application Thread] INFO  Engine               - Source code and latest versions at: https://github.com/AlmasB/FXGL
21:22:56.442 [JavaFX Application Thread] INFO  Engine               -              Join the FXGL chat at: https://gitter.im/AlmasB/FXGL
21:22:56.759 [JavaFX Application Thread] DEBUG MainWindow           - Creating a JavaFX scene
21:22:56.935 [JavaFX Application Thread] DEBUG MainWindow           - Target settings size: 800.0 x 600.0
21:22:56.937 [JavaFX Application Thread] DEBUG MainWindow           - Scaled scene size:    800.0 x 600.0
21:22:56.937 [JavaFX Application Thread] DEBUG MainWindow           - Scaled ratio: (1.0, 1.0)
21:22:56.940 [JavaFX Application Thread] DEBUG MainWindow           - Set initial scene to StartupScene
21:22:56.952 [JavaFX Application Thread] DEBUG MainWindow           - Opening main window
21:22:57.302 [JavaFX Application Thread] DEBUG MainWindow           - Window border size: (14.4000244140625, 37.5999755859375)
21:22:57.303 [JavaFX Application Thread] DEBUG MainWindow           - Scaled size: 800.0 x 600.0
21:22:57.303 [JavaFX Application Thread] DEBUG MainWindow           - Scaled ratio: (1.0, 1.0)
21:22:57.304 [JavaFX Application Thread] DEBUG MainWindow           - Scene size: 800.0 x 600.0
21:22:57.304 [JavaFX Application Thread] DEBUG MainWindow           - Stage size: 814.4000244140625 x 637.5999755859375
21:22:57.338 [FXGL Background Thread 1 ] DEBUG Engine               - Initializing environment variables
21:22:57.523 [FXGL Background Thread 1 ] DEBUG GameApplicationServi - Applying CSS: fxgl_dark.css
21:22:57.526 [FXGL Background Thread 1 ] DEBUG FXGLAssetLoaderServi - Loading from file system: /assets/ui/css/fxgl_dark.css
21:22:57.724 [FXGL Background Thread 1 ] DEBUG GameApplicationServi - Initializing application scenes
21:22:57.913 [FXGL Background Thread 1 ] DEBUG GameWorld            - Game world initialized
21:22:58.293 [FXGL Background Thread 1 ] DEBUG PhysicsWorld         - Physics world initialized: appHeight=600, physics.ppm=50.0
21:22:58.302 [FXGL Background Thread 1 ] DEBUG GameScene            - Game scene initialized: 800x600
21:22:58.435 [FXGL Background Thread 1 ] DEBUG FXGLAssetLoaderServi - Loading from file system: /assets/textures/particles/trace_horizontal.png
21:22:58.585 [FXGL Background Thread 1 ] DEBUG FXGL.DefaultMenu     - createMenuBodyGameMenu()
21:22:58.640 [FXGL Background Thread 1 ] DEBUG FXGL.DefaultMenu     - createOptionsMenu()
21:22:58.662 [FXGL Background Thread 1 ] DEBUG FXGLAssetLoaderServi - Loading from file system: /assets/textures/particles/smoke.png
21:22:58.836 [FXGL Background Thread 1 ] DEBUG GameApplicationServi - Application scenes initialized
21:22:58.929 [FXGL Background Thread 1 ] DEBUG SystemBundleService  - Loading FXGL system data
21:22:58.962 [FXGL Background Thread 1 ] DEBUG FileSystemAccess     - Reading from: C:\Users\chowdhuryj\OneDrive - Milwaukee School of Engineering\Desktop\JavaFXGL\system\fxgl.bundle
21:22:58.989 [FXGL Background Thread 1 ] DEBUG SystemBundleService  - Bundle FXGL: {}
21:22:58.989 [FXGL Background Thread 1 ] DEBUG UpdaterService       - Checking for updates
21:22:59.003 [FXGL Background Thread 4 ] DEBUG FXGLApplication      - Loading fonts
21:22:59.003 [FXGL Background Thread 4 ] DEBUG FXGLAssetLoaderServi - Loading from file system: /assets/ui/fonts/VarelaRound-Regular.ttf
21:22:59.005 [FXGL Background Thread 1 ] DEBUG FXGLApplication      - Loading default localization
21:22:59.005 [FXGL Background Thread 1 ] DEBUG FXGLAssetLoaderServi - Loading from file system: /assets/languages/english.lang
21:22:59.058 [FXGL Background Thread 1 ] INFO  FXGLApplication      - FXGL initialization took: 1.720 sec
21:22:59.060 [JavaFX Application Thread] DEBUG FXGLAssetLoaderServi - Loading from file system: /assets/textures/fxgl_icon.png
21:22:59.226 [JavaFX Application Thread] DEBUG FXGLAssetLoaderServi - Loading from file system: /assets/ui/cursors/fxgl_default.png
21:22:59.303 [FXGL Background Thread 4 ] DEBUG FXGLAssetLoaderServi - Loading from file system: /assets/ui/fonts/Abel-Regular.ttf
21:22:59.318 [FXGL Background Thread 4 ] DEBUG FXGLAssetLoaderServi - Loading from file system: /assets/ui/fonts/lucida_console.ttf
21:22:59.338 [FXGL Background Thread 4 ] DEBUG FXGLAssetLoaderServi - Loading from file system: /assets/ui/fonts/Courier-Prime.ttf
21:22:59.576 [JavaFX Application Thread] DEBUG Input                - Registered new binding: Screenshot - P
21:22:59.579 [JavaFX Application Thread] DEBUG Input                - Registered new binding: System info dump - CTRL+9
21:22:59.580 [JavaFX Application Thread] DEBUG Input                - Registered new binding: Restart - CTRL+R
21:22:59.583 [JavaFX Application Thread] DEBUG Input                - Registered new binding: Toggle Debug Camera - CTRL+C
21:22:59.619 [JavaFX Application Thread] DEBUG LoopRunner           - Starting loop
21:22:59.625 [JavaFX Application Thread] DEBUG GameApplicationServi - Starting new game
21:22:59.626 [JavaFX Application Thread] DEBUG Input                - Clearing active input actions
21:22:59.735 [JavaFX Application Thread] DEBUG GameApplicationServi - Removing overlay from StartupScene and adding to FXGLLoadingScene
21:22:59.736 [JavaFX Application Thread] DEBUG MainWindow           - StartupScene -> FXGLLoadingScene
21:22:59.737 [JavaFX Application Thread] DEBUG GameApplicationServi - Clearing previous game
21:22:59.737 [JavaFX Application Thread] DEBUG GameScene            - Clearing game scene
21:22:59.737 [JavaFX Application Thread] DEBUG GameWorld            - Clearing game world
21:22:59.737 [JavaFX Application Thread] DEBUG PhysicsWorld         - Clearing physics world
21:22:59.750 [FXGL Background Thread 4 ] DEBUG FXGLApplication      - Initializing game
21:22:59.755 [JavaFX Application Thread] DEBUG FXGLApplication      - Registering font factories with UI factory
21:22:59.791 [FXGL Background Thread 4 ] DEBUG FXGLAssetLoaderServi - Loading from file system: /assets/textures/brick.jpg
21:22:59.855 [FXGL Background Thread 4 ] DEBUG FXGLAssetLoaderServi - Loading from file system: /assets/textures/brick.png
21:22:59.858 [FXGL Background Thread 4 ] WARN  FXGLAssetLoaderServi - Failed to load texture brick.png Error: java.lang.IllegalArgumentException: Asset "/assets/textures/brick.png" was not found!
21:23:00.292 [FXGL Background Thread 4 ] INFO  FXGLApplication      - Game initialization took: 0.541 sec
21:23:00.384 [JavaFX Application Thread] DEBUG Input                - Clearing active input actions
21:23:00.420 [JavaFX Application Thread] DEBUG GameApplicationServi - Removing overlay from FXGLLoadingScene and adding to GameScene
21:23:00.421 [JavaFX Application Thread] DEBUG MainWindow           - FXGLLoadingScene -> GameScene
21:23:01.363 [FXGL Background Thread 2 ] INFO  UpdaterService       - Your current version:  11.12
21:23:01.364 [FXGL Background Thread 2 ] INFO  UpdaterService       - Latest stable version: 21.1
21:23:01.998 [FXGL Background Thread 3 ] DEBUG Engine               - Logging environment variables
21:23:01.999 [FXGL Background Thread 3 ] DEBUG Engine               - achievements: []
21:23:02.000 [FXGL Background Thread 3 ] DEBUG Engine               - actualHeight: 600.0
21:23:02.000 [FXGL Background Thread 3 ] DEBUG Engine               - actualHeightProperty: ReadOnlyDoubleProperty [value: 600.0]
21:23:02.001 [FXGL Background Thread 3 ] DEBUG Engine               - actualWidth: 800.0
21:23:02.001 [FXGL Background Thread 3 ] DEBUG Engine               - actualWidthProperty: ReadOnlyDoubleProperty [value: 800.0]
21:23:02.001 [FXGL Background Thread 3 ] DEBUG Engine               - appIcon: fxgl_icon.png
21:23:02.002 [FXGL Background Thread 3 ] DEBUG Engine               - applicationMode: DEVELOPER
21:23:02.003 [FXGL Background Thread 3 ] DEBUG Engine               - cSSList: [fxgl_dark.css]
21:23:02.003 [FXGL Background Thread 3 ] DEBUG Engine               - configClass: Optional.empty
21:23:02.004 [FXGL Background Thread 3 ] DEBUG Engine               - credits: []
21:23:02.004 [FXGL Background Thread 3 ] DEBUG Engine               - devBBoxColorProperty: ObjectProperty [value: 0xff0000ff]
21:23:02.005 [FXGL Background Thread 3 ] DEBUG Engine               - devEnableDebugCameraProperty: BooleanProperty [value: false]
21:23:02.006 [FXGL Background Thread 3 ] DEBUG Engine               - devSensorColorProperty: ObjectProperty [value: 0xffff00ff]
21:23:02.007 [FXGL Background Thread 3 ] DEBUG Engine               - devShowBBoxProperty: BooleanProperty [value: false]
21:23:02.007 [FXGL Background Thread 3 ] DEBUG Engine               - devShowPositionProperty: BooleanProperty [value: false]
21:23:02.008 [FXGL Background Thread 3 ] DEBUG Engine               - enabledMenuItems: []
21:23:02.009 [FXGL Background Thread 3 ] DEBUG Engine               - engineServices: [class com.almasb.fxgl.app.FXGLApplication$GameApplicationService, class com.almasb.fxgl.app.services.FXGLDialogService, class com.almasb.fxgl.app.services.IOTaskExecutorService, class com.almasb.fxgl.event.EventBusService, class com.almasb.fxgl.io.FileSystemService, class com.almasb.fxgl.localization.LocalizationService, class com.almasb.fxgl.app.services.FXGLAssetLoaderService, class com.almasb.fxgl.app.services.SystemBundleService, class com.almasb.fxgl.profile.SaveLoadService, class com.almasb.fxgl.ui.FXGLUIFactoryServiceProvider, class com.almasb.fxgl.ui.FXGLDialogFactoryServiceProvider, class com.almasb.fxgl.audio.AudioPlayer, class com.almasb.fxgl.notification.impl.NotificationServiceProvider, class com.almasb.fxgl.achievement.AchievementService, class com.almasb.fxgl.cutscene.CutsceneService, class com.almasb.fxgl.minigames.MiniGameService, class com.almasb.fxgl.net.NetService, class com.almasb.fxgl.app.services.UpdaterService, class com.almasb.fxgl.dev.DevService]
21:23:02.009 [FXGL Background Thread 3 ] DEBUG Engine               - fontGame: Abel-Regular.ttf
21:23:02.009 [FXGL Background Thread 3 ] DEBUG Engine               - fontMono: lucida_console.ttf
21:23:02.009 [FXGL Background Thread 3 ] DEBUG Engine               - fontText: Courier-Prime.ttf
21:23:02.010 [FXGL Background Thread 3 ] DEBUG Engine               - fontUI: VarelaRound-Regular.ttf
21:23:02.010 [FXGL Background Thread 3 ] DEBUG Engine               - fullScreen: BooleanProperty [value: false]
21:23:02.010 [FXGL Background Thread 3 ] DEBUG Engine               - gameDifficulty: MEDIUM
21:23:02.010 [FXGL Background Thread 3 ] DEBUG Engine               - gameDifficultyProperty: ObjectProperty [value: MEDIUM]
21:23:02.010 [FXGL Background Thread 3 ] DEBUG Engine               - globalMusicVolume: 0.5
21:23:02.011 [FXGL Background Thread 3 ] DEBUG Engine               - globalMusicVolumeProperty: DoubleProperty [value: 0.5]
21:23:02.011 [FXGL Background Thread 3 ] DEBUG Engine               - globalSoundVolume: 0.5
21:23:02.012 [FXGL Background Thread 3 ] DEBUG Engine               - globalSoundVolumeProperty: DoubleProperty [value: 0.5]
21:23:02.012 [FXGL Background Thread 3 ] DEBUG Engine               - height: 600
21:23:02.012 [FXGL Background Thread 3 ] DEBUG Engine               - isAndroid: false
21:23:02.013 [FXGL Background Thread 3 ] DEBUG Engine               - isBrowser: false
21:23:02.013 [FXGL Background Thread 3 ] DEBUG Engine               - isClickFeedbackEnabled: false
21:23:02.015 [FXGL Background Thread 3 ] DEBUG Engine               - isCloseConfirmation: false
21:23:02.015 [FXGL Background Thread 3 ] DEBUG Engine               - isDesktop: true
21:23:02.015 [FXGL Background Thread 3 ] DEBUG Engine               - isDeveloperMenuEnabled: false
21:23:02.015 [FXGL Background Thread 3 ] DEBUG Engine               - isEntityPreloadEnabled: true
21:23:02.016 [FXGL Background Thread 3 ] DEBUG Engine               - isExperimental3D: false
21:23:02.016 [FXGL Background Thread 3 ] DEBUG Engine               - isExperimentalNative: false
21:23:02.016 [FXGL Background Thread 3 ] DEBUG Engine               - isExperimentalTiledLargeMap: false
21:23:02.016 [FXGL Background Thread 3 ] DEBUG Engine               - isFileSystemWriteAllowed: true
21:23:02.017 [FXGL Background Thread 3 ] DEBUG Engine               - isFullScreenAllowed: false
21:23:02.017 [FXGL Background Thread 3 ] DEBUG Engine               - isFullScreenFromStart: false
21:23:02.017 [FXGL Background Thread 3 ] DEBUG Engine               - isGameMenuEnabled: true
21:23:02.017 [FXGL Background Thread 3 ] DEBUG Engine               - isIOS: false
21:23:02.017 [FXGL Background Thread 3 ] DEBUG Engine               - isIntroEnabled: false
21:23:02.017 [FXGL Background Thread 3 ] DEBUG Engine               - isLinux: false
21:23:02.017 [FXGL Background Thread 3 ] DEBUG Engine               - isMac: false
21:23:02.017 [FXGL Background Thread 3 ] DEBUG Engine               - isMainMenuEnabled: false
21:23:02.017 [FXGL Background Thread 3 ] DEBUG Engine               - isManualResizeEnabled: false
21:23:02.017 [FXGL Background Thread 3 ] DEBUG Engine               - isMobile: false
21:23:02.017 [FXGL Background Thread 3 ] DEBUG Engine               - isPreserveResizeRatio: false
21:23:02.017 [FXGL Background Thread 3 ] DEBUG Engine               - isProfilingEnabled: false
21:23:02.018 [FXGL Background Thread 3 ] DEBUG Engine               - isScaleAffectedOnResize: true
21:23:02.018 [FXGL Background Thread 3 ] DEBUG Engine               - isSingleStep: false
21:23:02.018 [FXGL Background Thread 3 ] DEBUG Engine               - isUserProfileEnabled: false
21:23:02.018 [FXGL Background Thread 3 ] DEBUG Engine               - isWindows: true
21:23:02.018 [FXGL Background Thread 3 ] DEBUG Engine               - language: ObjectProperty [value: ENGLISH]
21:23:02.018 [FXGL Background Thread 3 ] DEBUG Engine               - menuKey: ESCAPE
21:23:02.018 [FXGL Background Thread 3 ] DEBUG Engine               - notificationViewClass: class com.almasb.fxgl.notification.view.XboxNotificationView
21:23:02.018 [FXGL Background Thread 3 ] DEBUG Engine               - pixelsPerMeter: 50.0
21:23:02.018 [FXGL Background Thread 3 ] DEBUG Engine               - platform: WINDOWS
21:23:02.018 [FXGL Background Thread 3 ] DEBUG Engine               - prefHeightProperty: ReadOnlyDoubleProperty [value: 600.0]
21:23:02.019 [FXGL Background Thread 3 ] DEBUG Engine               - prefWidthProperty: ReadOnlyDoubleProperty [value: 800.0]
21:23:02.019 [FXGL Background Thread 3 ] DEBUG Engine               - profileDir: profiles/
21:23:02.019 [FXGL Background Thread 3 ] DEBUG Engine               - profileName: StringProperty [value: DEFAULT]
21:23:02.019 [FXGL Background Thread 3 ] DEBUG Engine               - randomSeed: -1
21:23:02.019 [FXGL Background Thread 3 ] DEBUG Engine               - runtimeInfo: RuntimeInfo(platform=WINDOWS, version=11.12, build=11.12.2020 08.51)
21:23:02.019 [FXGL Background Thread 3 ] DEBUG Engine               - saveFileExt: sav
21:23:02.019 [FXGL Background Thread 3 ] DEBUG Engine               - scaledHeightProp$fxgl: DoubleProperty [bound, value: 600.0]
21:23:02.019 [FXGL Background Thread 3 ] DEBUG Engine               - scaledWidthProp$fxgl: DoubleProperty [bound, value: 800.0]
21:23:02.019 [FXGL Background Thread 3 ] DEBUG Engine               - sceneFactory: com.almasb.fxgl.app.scene.SceneFactory@151252c9
21:23:02.019 [FXGL Background Thread 3 ] DEBUG Engine               - secondsIn24h: 60
21:23:02.019 [FXGL Background Thread 3 ] DEBUG Engine               - soundMenuBack: menu/back.wav
21:23:02.020 [FXGL Background Thread 3 ] DEBUG Engine               - soundMenuPress: menu/press.wav
21:23:02.020 [FXGL Background Thread 3 ] DEBUG Engine               - soundMenuSelect: menu/select.wav
21:23:02.020 [FXGL Background Thread 3 ] DEBUG Engine               - soundNotification: core/notification.wav
21:23:02.020 [FXGL Background Thread 3 ] DEBUG Engine               - stageStyle: DECORATED
21:23:02.020 [FXGL Background Thread 3 ] DEBUG Engine               - supportedLanguages: [ENGLISH, FRENCH, GERMAN, HUNGARIAN, RUSSIAN]
21:23:02.020 [FXGL Background Thread 3 ] DEBUG Engine               - title: Untitled
21:23:02.020 [FXGL Background Thread 3 ] DEBUG Engine               - urlGithub: https://github.com/AlmasB/FXGL
21:23:02.020 [FXGL Background Thread 3 ] DEBUG Engine               - urlLeaderboard: http://fxgl-top.herokuapp.com/
21:23:02.020 [FXGL Background Thread 3 ] DEBUG Engine               - urlPOM: https://raw.githubusercontent.com/AlmasB/FXGL/master/README.md
21:23:02.020 [FXGL Background Thread 3 ] DEBUG Engine               - version: 0.0
21:23:02.020 [FXGL Background Thread 3 ] DEBUG Engine               - versionCheckDays: 7
21:23:02.020 [FXGL Background Thread 3 ] DEBUG Engine               - width: 800
21:23:02.020 [FXGL Background Thread 3 ] DEBUG Engine               - Logging services
21:23:02.021 [FXGL Background Thread 3 ] DEBUG Engine               - class com.almasb.fxgl.app.FXGLApplication$GameApplicationService
21:23:02.021 [FXGL Background Thread 3 ] DEBUG Engine               - class com.almasb.fxgl.app.services.FXGLDialogService
21:23:02.021 [FXGL Background Thread 3 ] DEBUG Engine               - class com.almasb.fxgl.app.services.IOTaskExecutorService
21:23:02.021 [FXGL Background Thread 3 ] DEBUG Engine               - class com.almasb.fxgl.event.EventBusService
21:23:02.021 [FXGL Background Thread 3 ] DEBUG Engine               - class com.almasb.fxgl.io.FileSystemService
21:23:02.021 [FXGL Background Thread 3 ] DEBUG Engine               - class com.almasb.fxgl.localization.LocalizationService
21:23:02.021 [FXGL Background Thread 3 ] DEBUG Engine               - class com.almasb.fxgl.app.services.FXGLAssetLoaderService
21:23:02.021 [FXGL Background Thread 3 ] DEBUG Engine               - class com.almasb.fxgl.app.services.SystemBundleService
21:23:02.021 [FXGL Background Thread 3 ] DEBUG Engine               - class com.almasb.fxgl.profile.SaveLoadService
21:23:02.021 [FXGL Background Thread 3 ] DEBUG Engine               - class com.almasb.fxgl.ui.FXGLUIFactoryServiceProvider
21:23:02.021 [FXGL Background Thread 3 ] DEBUG Engine               - class com.almasb.fxgl.ui.FXGLDialogFactoryServiceProvider
21:23:02.021 [FXGL Background Thread 3 ] DEBUG Engine               - class com.almasb.fxgl.audio.AudioPlayer
21:23:02.021 [FXGL Background Thread 3 ] DEBUG Engine               - class com.almasb.fxgl.notification.impl.NotificationServiceProvider
21:23:02.021 [FXGL Background Thread 3 ] DEBUG Engine               - class com.almasb.fxgl.achievement.AchievementService
21:23:02.022 [FXGL Background Thread 3 ] DEBUG Engine               - class com.almasb.fxgl.cutscene.CutsceneService
21:23:02.022 [FXGL Background Thread 3 ] DEBUG Engine               - class com.almasb.fxgl.minigames.MiniGameService
21:23:02.022 [FXGL Background Thread 3 ] DEBUG Engine               - class com.almasb.fxgl.net.NetService
21:23:02.022 [FXGL Background Thread 3 ] DEBUG Engine               - class com.almasb.fxgl.app.services.UpdaterService
21:23:02.022 [FXGL Background Thread 3 ] DEBUG Engine               - class com.almasb.fxgl.dev.DevService
21:23:03.134 [JavaFX Application Thread] DEBUG FXGLApplication      - Exiting FXGL
21:23:03.134 [JavaFX Application Thread] DEBUG LoopRunner           - Stopping loop
21:23:03.134 [JavaFX Application Thread] DEBUG SystemBundleService  - Saving FXGL system data
21:23:03.145 [JavaFX Application Thread] DEBUG FileSystemAccess     - Writing to: C:\Users\chowdhuryj\OneDrive - Milwaukee School of Engineering\Desktop\JavaFXGL\system\fxgl.bundle
21:23:03.150 [JavaFX Application Thread] DEBUG Async                - Shutting down background threads
21:23:03.150 [JavaFX Application Thread] DEBUG MainWindow           - Closing main window
21:23:03.214 [JavaFX Application Thread] DEBUG Logger               - Closing Logger
